/var/lib/slurm/slurmd/job874583/slurm_script: line 13: cd: /Midgard/home/gawtam/stl/src: No such file or directory
wandb: Currently logged in as: gawtamcr3 (gawtamcr-kth) to https://api.wandb.ai. Use `wandb login --relogin` to force relogin
wandb: Currently logged in as: gawtamcr3 (gawtamcr-kth) to https://api.wandb.ai. Use `wandb login --relogin` to force relogin
wandb: setting up run pk9a3ma6
wandb: Tracking run with wandb version 0.23.0
wandb: Run data is saved locally in ./../models/training/wandb/run-20260217_130513-pk9a3ma6
wandb: Run `wandb offline` to turn off syncing.
wandb: Syncing run SAC_Multi_BC
wandb: ⭐️ View project at https://wandb.ai/gawtamcr-kth/crgstl-wandb
wandb: 🚀 View run at https://wandb.ai/gawtamcr-kth/crgstl-wandb/runs/pk9a3ma6
pybullet build time: Jan 29 2025 23:16:28
pybullet build time: Jan 29 2025 23:16:28
pybullet build time: Jan 29 2025 23:16:28
pybullet build time: Jan 29 2025 23:16:28
pybullet build time: Jan 29 2025 23:16:28
wandb: WARNING Found log directory outside of given root_logdir, dropping given root_logdir for event file in ./../models/training/sac_multi/SAC_16
Traceback (most recent call last):
  File "/Midgard/home/gawtam/crgstl/src/train_RL_with_BC_max_wandb.py", line 145, in <module>
    main()
  File "/Midgard/home/gawtam/crgstl/src/train_RL_with_BC_max_wandb.py", line 130, in main
    model.learn(    total_timesteps=200_000,
  File "/Midgard/home/gawtam/miniforge3/envs/stl/lib/python3.10/site-packages/stable_baselines3/sac/sac.py", line 313, in learn
    return super().learn(
  File "/Midgard/home/gawtam/miniforge3/envs/stl/lib/python3.10/site-packages/stable_baselines3/common/off_policy_algorithm.py", line 335, in learn
    rollout = self.collect_rollouts(
  File "/Midgard/home/gawtam/miniforge3/envs/stl/lib/python3.10/site-packages/stable_baselines3/common/off_policy_algorithm.py", line 605, in collect_rollouts
    self.dump_logs()
  File "/Midgard/home/gawtam/miniforge3/envs/stl/lib/python3.10/site-packages/stable_baselines3/common/off_policy_algorithm.py", line 439, in dump_logs
    self.logger.dump(step=self.num_timesteps)
  File "/Midgard/home/gawtam/miniforge3/envs/stl/lib/python3.10/site-packages/stable_baselines3/common/logger.py", line 540, in dump
    _format.write(self.name_to_value, self.name_to_excluded, step)
  File "/Midgard/home/gawtam/miniforge3/envs/stl/lib/python3.10/site-packages/stable_baselines3/common/logger.py", line 241, in write
    self.file.flush()
OSError: [Errno 116] Stale file handle
Traceback (most recent call last):
  File "/Midgard/home/gawtam/crgstl/src/train_RL_with_BC_max_wandb.py", line 145, in <module>
    main()
  File "/Midgard/home/gawtam/crgstl/src/train_RL_with_BC_max_wandb.py", line 130, in main
    model.learn(    total_timesteps=200_000,
  File "/Midgard/home/gawtam/miniforge3/envs/stl/lib/python3.10/site-packages/stable_baselines3/sac/sac.py", line 313, in learn
    return super().learn(
  File "/Midgard/home/gawtam/miniforge3/envs/stl/lib/python3.10/site-packages/stable_baselines3/common/off_policy_algorithm.py", line 335, in learn
    rollout = self.collect_rollouts(
  File "/Midgard/home/gawtam/miniforge3/envs/stl/lib/python3.10/site-packages/stable_baselines3/common/off_policy_algorithm.py", line 605, in collect_rollouts
    self.dump_logs()
  File "/Midgard/home/gawtam/miniforge3/envs/stl/lib/python3.10/site-packages/stable_baselines3/common/off_policy_algorithm.py", line 439, in dump_logs
    self.logger.dump(step=self.num_timesteps)
  File "/Midgard/home/gawtam/miniforge3/envs/stl/lib/python3.10/site-packages/stable_baselines3/common/logger.py", line 540, in dump
    _format.write(self.name_to_value, self.name_to_excluded, step)
  File "/Midgard/home/gawtam/miniforge3/envs/stl/lib/python3.10/site-packages/stable_baselines3/common/logger.py", line 241, in write
    self.file.flush()
OSError: [Errno 116] Stale file handle
Exception ignored in: <_io.TextIOWrapper name='<stdout>' mode='w' encoding='utf-8'>
OSError: [Errno 116] Stale file handle
