/var/lib/slurm/slurmd/job874576/slurm_script: line 13: cd: /Midgard/home/gawtam/stl/src: No such file or directory
wandb: Currently logged in as: gawtamcr3 (gawtamcr-kth) to https://api.wandb.ai. Use `wandb login --relogin` to force relogin
wandb: Currently logged in as: gawtamcr3 (gawtamcr-kth) to https://api.wandb.ai. Use `wandb login --relogin` to force relogin
wandb: setting up run z57fg1p0
wandb: Tracking run with wandb version 0.23.0
wandb: Run data is saved locally in ./../models/training/wandb/run-20260217_125324-z57fg1p0
wandb: Run `wandb offline` to turn off syncing.
wandb: Syncing run SAC_Multi_BC
wandb: ⭐️ View project at https://wandb.ai/gawtamcr-kth/crgstl-wandb
wandb: 🚀 View run at https://wandb.ai/gawtamcr-kth/crgstl-wandb/runs/z57fg1p0
Traceback (most recent call last):
  File "/Midgard/home/gawtam/miniforge3/envs/stl/lib/python3.10/multiprocessing/forkserver.py", line 274, in main
Traceback (most recent call last):
  File "/Midgard/home/gawtam/miniforge3/envs/stl/lib/python3.10/multiprocessing/forkserver.py", line 274, in main
    code = _serve_one(child_r, fds,
  File "/Midgard/home/gawtam/miniforge3/envs/stl/lib/python3.10/multiprocessing/forkserver.py", line 313, in _serve_one
    code = spawn._main(child_r, parent_sentinel)
  File "/Midgard/home/gawtam/miniforge3/envs/stl/lib/python3.10/multiprocessing/spawn.py", line 125, in _main
    prepare(preparation_data)
  File "/Midgard/home/gawtam/miniforge3/envs/stl/lib/python3.10/multiprocessing/spawn.py", line 236, in prepare
    _fixup_main_from_path(data['init_main_from_path'])
  File "/Midgard/home/gawtam/miniforge3/envs/stl/lib/python3.10/multiprocessing/spawn.py", line 287, in _fixup_main_from_path
    main_content = runpy.run_path(main_path,
  File "/Midgard/home/gawtam/miniforge3/envs/stl/lib/python3.10/runpy.py", line 289, in run_path
    return _run_module_code(code, init_globals, run_name,
  File "/Midgard/home/gawtam/miniforge3/envs/stl/lib/python3.10/runpy.py", line 96, in _run_module_code
    code = _serve_one(child_r, fds,
  File "/Midgard/home/gawtam/miniforge3/envs/stl/lib/python3.10/multiprocessing/forkserver.py", line 313, in _serve_one
    _run_code(code, mod_globals, init_globals,
  File "/Midgard/home/gawtam/miniforge3/envs/stl/lib/python3.10/runpy.py", line 86, in _run_code
    code = spawn._main(child_r, parent_sentinel)
  File "/Midgard/home/gawtam/miniforge3/envs/stl/lib/python3.10/multiprocessing/spawn.py", line 125, in _main
Traceback (most recent call last):
  File "/Midgard/home/gawtam/miniforge3/envs/stl/lib/python3.10/multiprocessing/forkserver.py", line 274, in main
    exec(code, run_globals)
  File "/Midgard/home/gawtam/crgstl/src/train_RL_with_BC_max_wandb.py", line 7, in <module>
    prepare(preparation_data)
  File "/Midgard/home/gawtam/miniforge3/envs/stl/lib/python3.10/multiprocessing/spawn.py", line 236, in prepare
    code = _serve_one(child_r, fds,
  File "/Midgard/home/gawtam/miniforge3/envs/stl/lib/python3.10/multiprocessing/forkserver.py", line 313, in _serve_one
    import gymnasium as gym
  File "/Midgard/home/gawtam/miniforge3/envs/stl/lib/python3.10/site-packages/gymnasium/__init__.py", line 5, in <module>
    _fixup_main_from_path(data['init_main_from_path'])
  File "/Midgard/home/gawtam/miniforge3/envs/stl/lib/python3.10/multiprocessing/spawn.py", line 287, in _fixup_main_from_path
    code = spawn._main(child_r, parent_sentinel)
  File "/Midgard/home/gawtam/miniforge3/envs/stl/lib/python3.10/multiprocessing/spawn.py", line 125, in _main
    from gymnasium.core import (
  File "/Midgard/home/gawtam/miniforge3/envs/stl/lib/python3.10/site-packages/gymnasium/core.py", line 6, in <module>
    prepare(preparation_data)
  File "/Midgard/home/gawtam/miniforge3/envs/stl/lib/python3.10/multiprocessing/spawn.py", line 236, in prepare
    from typing import TYPE_CHECKING, Any, Generic, SupportsFloat, TypeVar
  File "/Midgard/home/gawtam/miniforge3/envs/stl/lib/python3.10/site-packages/cv2/typing/__init__.py", line 61, in <module>
Traceback (most recent call last):
  File "/Midgard/home/gawtam/miniforge3/envs/stl/lib/python3.10/multiprocessing/forkserver.py", line 274, in main
    _fixup_main_from_path(data['init_main_from_path'])
  File "/Midgard/home/gawtam/miniforge3/envs/stl/lib/python3.10/multiprocessing/spawn.py", line 287, in _fixup_main_from_path
    code = _serve_one(child_r, fds,
  File "/Midgard/home/gawtam/miniforge3/envs/stl/lib/python3.10/multiprocessing/forkserver.py", line 313, in _serve_one
    main_content = runpy.run_path(main_path,
  File "/Midgard/home/gawtam/miniforge3/envs/stl/lib/python3.10/runpy.py", line 289, in run_path
    import cv2.mat_wrapper
ImportError: libGL.so.1: cannot open shared object file: No such file or directory
    code = spawn._main(child_r, parent_sentinel)
  File "/Midgard/home/gawtam/miniforge3/envs/stl/lib/python3.10/multiprocessing/spawn.py", line 125, in _main
    return _run_module_code(code, init_globals, run_name,
  File "/Midgard/home/gawtam/miniforge3/envs/stl/lib/python3.10/runpy.py", line 96, in _run_module_code
    main_content = runpy.run_path(main_path,
  File "/Midgard/home/gawtam/miniforge3/envs/stl/lib/python3.10/runpy.py", line 289, in run_path
    prepare(preparation_data)
  File "/Midgard/home/gawtam/miniforge3/envs/stl/lib/python3.10/multiprocessing/spawn.py", line 236, in prepare
    return _run_module_code(code, init_globals, run_name,
  File "/Midgard/home/gawtam/miniforge3/envs/stl/lib/python3.10/runpy.py", line 96, in _run_module_code
    _fixup_main_from_path(data['init_main_from_path'])
  File "/Midgard/home/gawtam/miniforge3/envs/stl/lib/python3.10/multiprocessing/spawn.py", line 287, in _fixup_main_from_path
    _run_code(code, mod_globals, init_globals,
  File "/Midgard/home/gawtam/miniforge3/envs/stl/lib/python3.10/runpy.py", line 86, in _run_code
    exec(code, run_globals)
  File "/Midgard/home/gawtam/crgstl/src/train_RL_with_BC_max_wandb.py", line 7, in <module>
    main_content = runpy.run_path(main_path,
  File "/Midgard/home/gawtam/miniforge3/envs/stl/lib/python3.10/runpy.py", line 289, in run_path
Traceback (most recent call last):
    import gymnasium as gym
  File "/Midgard/home/gawtam/miniforge3/envs/stl/lib/python3.10/site-packages/gymnasium/__init__.py", line 5, in <module>
    return _run_module_code(code, init_globals, run_name,
  File "/Midgard/home/gawtam/miniforge3/envs/stl/lib/python3.10/runpy.py", line 96, in _run_module_code
  File "/Midgard/home/gawtam/crgstl/src/train_RL_with_BC_max_wandb.py", line 145, in <module>
    main()
  File "/Midgard/home/gawtam/crgstl/src/train_RL_with_BC_max_wandb.py", line 58, in main
    env = SubprocVecEnv([make_env(user_stl, i) for i in range(N_ENVS)])
    _run_code(code, mod_globals, init_globals,
  File "/Midgard/home/gawtam/miniforge3/envs/stl/lib/python3.10/runpy.py", line 86, in _run_code
  File "/Midgard/home/gawtam/miniforge3/envs/stl/lib/python3.10/site-packages/stable_baselines3/common/vec_env/subproc_vec_env.py", line 127, in __init__
    observation_space, action_space = self.remotes[0].recv()
  File "/Midgard/home/gawtam/miniforge3/envs/stl/lib/python3.10/multiprocessing/connection.py", line 250, in recv
    buf = self._recv_bytes()
  File "/Midgard/home/gawtam/miniforge3/envs/stl/lib/python3.10/multiprocessing/connection.py", line 414, in _recv_bytes
    buf = self._recv(4)
  File "/Midgard/home/gawtam/miniforge3/envs/stl/lib/python3.10/multiprocessing/connection.py", line 379, in _recv
    chunk = read(handle, remaining)
ConnectionResetError: [Errno 104] Connection reset by peer
    from gymnasium.core import (
  File "/Midgard/home/gawtam/miniforge3/envs/stl/lib/python3.10/site-packages/gymnasium/core.py", line 6, in <module>
Traceback (most recent call last):
  File "/Midgard/home/gawtam/crgstl/src/train_RL_with_BC_max_wandb.py", line 145, in <module>
    main()
  File "/Midgard/home/gawtam/crgstl/src/train_RL_with_BC_max_wandb.py", line 58, in main
    env = SubprocVecEnv([make_env(user_stl, i) for i in range(N_ENVS)])
  File "/Midgard/home/gawtam/miniforge3/envs/stl/lib/python3.10/site-packages/stable_baselines3/common/vec_env/subproc_vec_env.py", line 127, in __init__
    observation_space, action_space = self.remotes[0].recv()
  File "/Midgard/home/gawtam/miniforge3/envs/stl/lib/python3.10/multiprocessing/connection.py", line 250, in recv
    buf = self._recv_bytes()
  File "/Midgard/home/gawtam/miniforge3/envs/stl/lib/python3.10/multiprocessing/connection.py", line 414, in _recv_bytes
    buf = self._recv(4)
  File "/Midgard/home/gawtam/miniforge3/envs/stl/lib/python3.10/multiprocessing/connection.py", line 379, in _recv
    chunk = read(handle, remaining)
ConnectionResetError: [Errno 104] Connection reset by peer
    exec(code, run_globals)
  File "/Midgard/home/gawtam/crgstl/src/train_RL_with_BC_max_wandb.py", line 7, in <module>
    from typing import TYPE_CHECKING, Any, Generic, SupportsFloat, TypeVar
  File "/Midgard/home/gawtam/miniforge3/envs/stl/lib/python3.10/site-packages/cv2/typing/__init__.py", line 61, in <module>
    import gymnasium as gym
  File "/Midgard/home/gawtam/miniforge3/envs/stl/lib/python3.10/site-packages/gymnasium/__init__.py", line 5, in <module>
    import cv2.mat_wrapper
ImportError: libGL.so.1: cannot open shared object file: No such file or directory
    from gymnasium.core import (
  File "/Midgard/home/gawtam/miniforge3/envs/stl/lib/python3.10/site-packages/gymnasium/core.py", line 6, in <module>
    _run_code(code, mod_globals, init_globals,
  File "/Midgard/home/gawtam/miniforge3/envs/stl/lib/python3.10/runpy.py", line 86, in _run_code
    from typing import TYPE_CHECKING, Any, Generic, SupportsFloat, TypeVar
  File "/Midgard/home/gawtam/miniforge3/envs/stl/lib/python3.10/site-packages/cv2/typing/__init__.py", line 61, in <module>
    exec(code, run_globals)
  File "/Midgard/home/gawtam/crgstl/src/train_RL_with_BC_max_wandb.py", line 7, in <module>
    import cv2.mat_wrapper
ImportError: libGL.so.1: cannot open shared object file: No such file or directory
    import gymnasium as gym
  File "/Midgard/home/gawtam/miniforge3/envs/stl/lib/python3.10/site-packages/gymnasium/__init__.py", line 5, in <module>
    from gymnasium.core import (
  File "/Midgard/home/gawtam/miniforge3/envs/stl/lib/python3.10/site-packages/gymnasium/core.py", line 6, in <module>
    from typing import TYPE_CHECKING, Any, Generic, SupportsFloat, TypeVar
  File "/Midgard/home/gawtam/miniforge3/envs/stl/lib/python3.10/site-packages/cv2/typing/__init__.py", line 61, in <module>
    import cv2.mat_wrapper
ImportError: libGL.so.1: cannot open shared object file: No such file or directory
